c:\users\oskar\desktop\bachelorarbeit\3dsimulator\debug\vc143.pdb
c:\users\oskar\desktop\bachelorarbeit\3dsimulator\debug\vc143.idb
c:\users\oskar\desktop\bachelorarbeit\3dsimulator\debug\texture.obj
c:\users\oskar\desktop\bachelorarbeit\3dsimulator\debug\shader.obj
c:\users\oskar\desktop\bachelorarbeit\3dsimulator\debug\part.obj
c:\users\oskar\desktop\bachelorarbeit\3dsimulator\debug\main.obj
c:\users\oskar\desktop\bachelorarbeit\3dsimulator\debug\iisphparticle.obj
c:\users\oskar\desktop\bachelorarbeit\3dsimulator\debug\controls.obj
c:\users\oskar\desktop\bachelorarbeit\3dsimulator\debug\cell.obj
c:\users\oskar\desktop\bachelorarbeit\3dsimulator\debug\imgui_widgets.obj
c:\users\oskar\desktop\bachelorarbeit\3dsimulator\debug\imgui_tables.obj
c:\users\oskar\desktop\bachelorarbeit\3dsimulator\debug\imgui_impl_opengl3.obj
c:\users\oskar\desktop\bachelorarbeit\3dsimulator\debug\imgui_impl_glfw.obj
c:\users\oskar\desktop\bachelorarbeit\3dsimulator\debug\imgui_draw.obj
c:\users\oskar\desktop\bachelorarbeit\3dsimulator\debug\imgui_demo.obj
c:\users\oskar\desktop\bachelorarbeit\3dsimulator\debug\imgui.obj
c:\users\oskar\desktop\bachelorarbeit\3dsimulator\debug\3dsimulator.ilk
c:\users\oskar\desktop\bachelorarbeit\debug\3dsimulator.pdb
c:\users\oskar\desktop\bachelorarbeit\3dsimulator\debug\3dsimulator.tlog\cl.command.1.tlog
c:\users\oskar\desktop\bachelorarbeit\3dsimulator\debug\3dsimulator.tlog\cl.items.tlog
c:\users\oskar\desktop\bachelorarbeit\3dsimulator\debug\3dsimulator.tlog\cl.read.1.tlog
c:\users\oskar\desktop\bachelorarbeit\3dsimulator\debug\3dsimulator.tlog\cl.write.1.tlog
c:\users\oskar\desktop\bachelorarbeit\3dsimulator\debug\3dsimulator.tlog\link.12764-cvtres.read.1.tlog
c:\users\oskar\desktop\bachelorarbeit\3dsimulator\debug\3dsimulator.tlog\link.12764-cvtres.write.1.tlog
c:\users\oskar\desktop\bachelorarbeit\3dsimulator\debug\3dsimulator.tlog\link.12764-rc.read.1.tlog
c:\users\oskar\desktop\bachelorarbeit\3dsimulator\debug\3dsimulator.tlog\link.12764-rc.write.1.tlog
c:\users\oskar\desktop\bachelorarbeit\3dsimulator\debug\3dsimulator.tlog\link.12764.read.1.tlog
c:\users\oskar\desktop\bachelorarbeit\3dsimulator\debug\3dsimulator.tlog\link.12764.write.1.tlog
c:\users\oskar\desktop\bachelorarbeit\3dsimulator\debug\3dsimulator.tlog\link.command.1.tlog
c:\users\oskar\desktop\bachelorarbeit\3dsimulator\debug\3dsimulator.tlog\link.read.1.tlog
c:\users\oskar\desktop\bachelorarbeit\3dsimulator\debug\3dsimulator.tlog\link.secondary.1.tlog
c:\users\oskar\desktop\bachelorarbeit\3dsimulator\debug\3dsimulator.tlog\link.write.1.tlog
