d:\bachelorarbeit\3dsimulator\release\vc143.pdb
d:\bachelorarbeit\3dsimulator\release\main.obj
d:\bachelorarbeit\3dsimulator\release\iisphparticle.obj
d:\bachelorarbeit\3dsimulator\release\cell.obj
d:\bachelorarbeit\3dsimulator\release\part.obj
d:\bachelorarbeit\3dsimulator\release\texture.obj
d:\bachelorarbeit\3dsimulator\release\shader.obj
d:\bachelorarbeit\3dsimulator\release\controls.obj
d:\bachelorarbeit\3dsimulator\release\imgui_widgets.obj
d:\bachelorarbeit\3dsimulator\release\imgui_tables.obj
d:\bachelorarbeit\3dsimulator\release\imgui_impl_opengl3.obj
d:\bachelorarbeit\3dsimulator\release\imgui_impl_glfw.obj
d:\bachelorarbeit\3dsimulator\release\imgui_draw.obj
d:\bachelorarbeit\3dsimulator\release\imgui_demo.obj
d:\bachelorarbeit\3dsimulator\release\imgui.obj
d:\bachelorarbeit\3dsimulator\release\implot.obj
d:\bachelorarbeit\3dsimulator\release\3dsimulator.ipdb
d:\bachelorarbeit\3dsimulator\release\3dsimulator.iobj
d:\bachelorarbeit\release\3dsimulator.pdb
d:\bachelorarbeit\3dsimulator\release\3dsimulator.tlog\cl.command.1.tlog
d:\bachelorarbeit\3dsimulator\release\3dsimulator.tlog\cl.items.tlog
d:\bachelorarbeit\3dsimulator\release\3dsimulator.tlog\cl.read.1.tlog
d:\bachelorarbeit\3dsimulator\release\3dsimulator.tlog\cl.write.1.tlog
d:\bachelorarbeit\3dsimulator\release\3dsimulator.tlog\link.command.1.tlog
d:\bachelorarbeit\3dsimulator\release\3dsimulator.tlog\link.read.1.tlog
d:\bachelorarbeit\3dsimulator\release\3dsimulator.tlog\link.secondary.1.tlog
d:\bachelorarbeit\3dsimulator\release\3dsimulator.tlog\link.write.1.tlog
