  Cell.cpp
D:\gitbachelor\3dsimulator\Cell.cpp(23,9): warning C4244: "return": Konvertierung von "float" in "unsigned int", möglicher Datenverlust
D:\gitbachelor\3dsimulator\Cell.cpp(90,39): warning C4244: "=": Konvertierung von "_Rep" in "float", möglicher Datenverlust
D:\gitbachelor\3dsimulator\Cell.cpp(90,39): warning C4244:         with
D:\gitbachelor\3dsimulator\Cell.cpp(90,39): warning C4244:         [
D:\gitbachelor\3dsimulator\Cell.cpp(90,39): warning C4244:             _Rep=__int64
D:\gitbachelor\3dsimulator\Cell.cpp(90,39): warning C4244:         ]
D:\gitbachelor\3dsimulator\Cell.cpp(92,34): warning C4244: "=": Konvertierung von "_Rep" in "float", möglicher Datenverlust
D:\gitbachelor\3dsimulator\Cell.cpp(92,34): warning C4244:         with
D:\gitbachelor\3dsimulator\Cell.cpp(92,34): warning C4244:         [
D:\gitbachelor\3dsimulator\Cell.cpp(92,34): warning C4244:             _Rep=__int64
D:\gitbachelor\3dsimulator\Cell.cpp(92,34): warning C4244:         ]
D:\gitbachelor\3dsimulator\Cell.cpp(94,29): warning C4244: "=": Konvertierung von "_Rep" in "float", möglicher Datenverlust
D:\gitbachelor\3dsimulator\Cell.cpp(94,29): warning C4244:         with
D:\gitbachelor\3dsimulator\Cell.cpp(94,29): warning C4244:         [
D:\gitbachelor\3dsimulator\Cell.cpp(94,29): warning C4244:             _Rep=__int64
D:\gitbachelor\3dsimulator\Cell.cpp(94,29): warning C4244:         ]
D:\gitbachelor\3dsimulator\Cell.cpp(96,30): warning C4244: "=": Konvertierung von "_Rep" in "float", möglicher Datenverlust
D:\gitbachelor\3dsimulator\Cell.cpp(96,30): warning C4244:         with
D:\gitbachelor\3dsimulator\Cell.cpp(96,30): warning C4244:         [
D:\gitbachelor\3dsimulator\Cell.cpp(96,30): warning C4244:             _Rep=__int64
D:\gitbachelor\3dsimulator\Cell.cpp(96,30): warning C4244:         ]
D:\gitbachelor\3dsimulator\Cell.cpp(124,39): warning C4244: "=": Konvertierung von "_Rep" in "float", möglicher Datenverlust
D:\gitbachelor\3dsimulator\Cell.cpp(124,39): warning C4244:         with
D:\gitbachelor\3dsimulator\Cell.cpp(124,39): warning C4244:         [
D:\gitbachelor\3dsimulator\Cell.cpp(124,39): warning C4244:             _Rep=__int64
D:\gitbachelor\3dsimulator\Cell.cpp(124,39): warning C4244:         ]
D:\gitbachelor\3dsimulator\Cell.cpp(126,34): warning C4244: "=": Konvertierung von "_Rep" in "float", möglicher Datenverlust
D:\gitbachelor\3dsimulator\Cell.cpp(126,34): warning C4244:         with
D:\gitbachelor\3dsimulator\Cell.cpp(126,34): warning C4244:         [
D:\gitbachelor\3dsimulator\Cell.cpp(126,34): warning C4244:             _Rep=__int64
D:\gitbachelor\3dsimulator\Cell.cpp(126,34): warning C4244:         ]
D:\gitbachelor\3dsimulator\Cell.cpp(128,29): warning C4244: "=": Konvertierung von "_Rep" in "float", möglicher Datenverlust
D:\gitbachelor\3dsimulator\Cell.cpp(128,29): warning C4244:         with
D:\gitbachelor\3dsimulator\Cell.cpp(128,29): warning C4244:         [
D:\gitbachelor\3dsimulator\Cell.cpp(128,29): warning C4244:             _Rep=__int64
D:\gitbachelor\3dsimulator\Cell.cpp(128,29): warning C4244:         ]
D:\gitbachelor\3dsimulator\Cell.cpp(130,30): warning C4244: "=": Konvertierung von "_Rep" in "float", möglicher Datenverlust
D:\gitbachelor\3dsimulator\Cell.cpp(130,30): warning C4244:         with
D:\gitbachelor\3dsimulator\Cell.cpp(130,30): warning C4244:         [
D:\gitbachelor\3dsimulator\Cell.cpp(130,30): warning C4244:             _Rep=__int64
D:\gitbachelor\3dsimulator\Cell.cpp(130,30): warning C4244:         ]
D:\gitbachelor\3dsimulator\Cell.cpp(136,19): warning C4018: "<": Konflikt zwischen "signed" und "unsigned"
D:\gitbachelor\3dsimulator\Cell.cpp(146,19): warning C4018: "<": Konflikt zwischen "signed" und "unsigned"
D:\gitbachelor\3dsimulator\Cell.cpp(200,20): warning C4018: "<": Konflikt zwischen "signed" und "unsigned"
D:\gitbachelor\3dsimulator\Cell.cpp(209,20): warning C4018: "<": Konflikt zwischen "signed" und "unsigned"
D:\gitbachelor\3dsimulator\Cell.cpp(237,20): warning C4018: "<": Konflikt zwischen "signed" und "unsigned"
D:\gitbachelor\3dsimulator\Cell.cpp(296,20): warning C4018: "<": Konflikt zwischen "signed" und "unsigned"
D:\gitbachelor\3dsimulator\Cell.cpp(376,20): warning C4018: "<": Konflikt zwischen "signed" und "unsigned"
D:\gitbachelor\3dsimulator\Cell.cpp(398,58): warning C4244: "Argument": Konvertierung von "double" in "_Ty", möglicher Datenverlust
D:\gitbachelor\3dsimulator\Cell.cpp(398,58): warning C4244:         with
D:\gitbachelor\3dsimulator\Cell.cpp(398,58): warning C4244:         [
D:\gitbachelor\3dsimulator\Cell.cpp(398,58): warning C4244:             _Ty=float
D:\gitbachelor\3dsimulator\Cell.cpp(398,58): warning C4244:         ]
D:\gitbachelor\3dsimulator\Cell.cpp(401,46): warning C4244: "Argument": Konvertierung von "double" in "_Ty", möglicher Datenverlust
D:\gitbachelor\3dsimulator\Cell.cpp(401,46): warning C4244:         with
D:\gitbachelor\3dsimulator\Cell.cpp(401,46): warning C4244:         [
D:\gitbachelor\3dsimulator\Cell.cpp(401,46): warning C4244:             _Ty=float
D:\gitbachelor\3dsimulator\Cell.cpp(401,46): warning C4244:         ]
D:\gitbachelor\3dsimulator\Cell.cpp(410,20): warning C4018: "<": Konflikt zwischen "signed" und "unsigned"
D:\gitbachelor\3dsimulator\Cell.cpp(432,86): warning C4244: "Argument": Konvertierung von "double" in "_Ty", möglicher Datenverlust
D:\gitbachelor\3dsimulator\Cell.cpp(432,86): warning C4244:         with
D:\gitbachelor\3dsimulator\Cell.cpp(432,86): warning C4244:         [
D:\gitbachelor\3dsimulator\Cell.cpp(432,86): warning C4244:             _Ty=float
D:\gitbachelor\3dsimulator\Cell.cpp(432,86): warning C4244:         ]
D:\gitbachelor\3dsimulator\Cell.cpp(435,74): warning C4244: "Argument": Konvertierung von "double" in "_Ty", möglicher Datenverlust
D:\gitbachelor\3dsimulator\Cell.cpp(435,74): warning C4244:         with
D:\gitbachelor\3dsimulator\Cell.cpp(435,74): warning C4244:         [
D:\gitbachelor\3dsimulator\Cell.cpp(435,74): warning C4244:             _Ty=float
D:\gitbachelor\3dsimulator\Cell.cpp(435,74): warning C4244:         ]
D:\gitbachelor\3dsimulator\Cell.cpp(493,20): warning C4018: "<": Konflikt zwischen "signed" und "unsigned"
D:\gitbachelor\3dsimulator\Cell.cpp(526,32): warning C4018: "<": Konflikt zwischen "signed" und "unsigned"
D:\gitbachelor\3dsimulator\Cell.cpp(529,32): warning C4018: ">": Konflikt zwischen "signed" und "unsigned"
D:\gitbachelor\3dsimulator\Cell.cpp(543,20): warning C4018: "<": Konflikt zwischen "signed" und "unsigned"
D:\gitbachelor\3dsimulator\Cell.cpp(572,32): warning C4018: "<": Konflikt zwischen "signed" und "unsigned"
D:\gitbachelor\3dsimulator\Cell.cpp(575,32): warning C4018: ">": Konflikt zwischen "signed" und "unsigned"
D:\gitbachelor\3dsimulator\Cell.cpp(586,20): warning C4018: "<": Konflikt zwischen "signed" und "unsigned"
D:\gitbachelor\3dsimulator\Cell.cpp(615,32): warning C4018: "<": Konflikt zwischen "signed" und "unsigned"
D:\gitbachelor\3dsimulator\Cell.cpp(618,32): warning C4018: ">": Konflikt zwischen "signed" und "unsigned"
D:\gitbachelor\3dsimulator\Cell.cpp(1011,21): warning C4018: "<": Konflikt zwischen "signed" und "unsigned"
D:\gitbachelor\3dsimulator\Cell.cpp(1148,55): warning C4244: "return": Konvertierung von "double" in "float", möglicher Datenverlust
D:\gitbachelor\3dsimulator\Cell.cpp(1335,20): warning C4018: "<": Konflikt zwischen "signed" und "unsigned"
D:\gitbachelor\3dsimulator\Cell.cpp(1345,23): warning C4244: "=": Konvertierung von "genType" in "unsigned char", möglicher Datenverlust
D:\gitbachelor\3dsimulator\Cell.cpp(1345,23): warning C4244:         with
D:\gitbachelor\3dsimulator\Cell.cpp(1345,23): warning C4244:         [
D:\gitbachelor\3dsimulator\Cell.cpp(1345,23): warning C4244:             genType=float
D:\gitbachelor\3dsimulator\Cell.cpp(1345,23): warning C4244:         ]
D:\gitbachelor\3dsimulator\Cell.cpp(1349,19): warning C4244: "=": Konvertierung von "genType" in "unsigned char", möglicher Datenverlust
D:\gitbachelor\3dsimulator\Cell.cpp(1349,19): warning C4244:         with
D:\gitbachelor\3dsimulator\Cell.cpp(1349,19): warning C4244:         [
D:\gitbachelor\3dsimulator\Cell.cpp(1349,19): warning C4244:             genType=float
D:\gitbachelor\3dsimulator\Cell.cpp(1349,19): warning C4244:         ]
D:\gitbachelor\3dsimulator\Cell.cpp(1350,19): warning C4244: "=": Konvertierung von "genType" in "unsigned char", möglicher Datenverlust
D:\gitbachelor\3dsimulator\Cell.cpp(1350,19): warning C4244:         with
D:\gitbachelor\3dsimulator\Cell.cpp(1350,19): warning C4244:         [
D:\gitbachelor\3dsimulator\Cell.cpp(1350,19): warning C4244:             genType=float
D:\gitbachelor\3dsimulator\Cell.cpp(1350,19): warning C4244:         ]
D:\gitbachelor\3dsimulator\Cell.cpp(1354,19): warning C4244: "=": Konvertierung von "genType" in "unsigned char", möglicher Datenverlust
D:\gitbachelor\3dsimulator\Cell.cpp(1354,19): warning C4244:         with
D:\gitbachelor\3dsimulator\Cell.cpp(1354,19): warning C4244:         [
D:\gitbachelor\3dsimulator\Cell.cpp(1354,19): warning C4244:             genType=float
D:\gitbachelor\3dsimulator\Cell.cpp(1354,19): warning C4244:         ]
D:\gitbachelor\3dsimulator\Cell.cpp(1355,19): warning C4244: "=": Konvertierung von "genType" in "unsigned char", möglicher Datenverlust
D:\gitbachelor\3dsimulator\Cell.cpp(1355,19): warning C4244:         with
D:\gitbachelor\3dsimulator\Cell.cpp(1355,19): warning C4244:         [
D:\gitbachelor\3dsimulator\Cell.cpp(1355,19): warning C4244:             genType=float
D:\gitbachelor\3dsimulator\Cell.cpp(1355,19): warning C4244:         ]
D:\gitbachelor\3dsimulator\Cell.cpp(1396,20): warning C4018: "<": Konflikt zwischen "signed" und "unsigned"
D:\gitbachelor\3dsimulator\Cell.cpp(1448,20): warning C4018: "<": Konflikt zwischen "signed" und "unsigned"
D:\gitbachelor\3dsimulator\Cell.cpp(1498,20): warning C4018: "<": Konflikt zwischen "signed" und "unsigned"
D:\gitbachelor\3dsimulator\Cell.cpp(1550,20): warning C4018: "<": Konflikt zwischen "signed" und "unsigned"
D:\gitbachelor\3dsimulator\Cell.cpp(1597,20): warning C4018: "<": Konflikt zwischen "signed" und "unsigned"
D:\gitbachelor\3dsimulator\Cell.cpp(1620,20): warning C4018: "<": Konflikt zwischen "signed" und "unsigned"
D:\gitbachelor\3dsimulator\Cell.cpp(1636,20): warning C4018: "<": Konflikt zwischen "signed" und "unsigned"
D:\gitbachelor\3dsimulator\Cell.cpp(1684,32): warning C4018: "<": Konflikt zwischen "signed" und "unsigned"
D:\gitbachelor\3dsimulator\Cell.cpp(1721,32): warning C4018: "<": Konflikt zwischen "signed" und "unsigned"
Release\part.obj : warning LNK4042: Objekt mehrmals angegeben; zusätzliche Objekte werden ignoriert.
  Code wird generiert.
  3 of 3044 functions (<0.1%) were compiled, the rest were copied from previous compilation.
    0 functions were new in current compilation
    36 functions had inline decision re-evaluated but remain unchanged
  Codegenerierung ist abgeschlossen.
  3dsimulator.vcxproj -> D:\gitbachelor\Release\3dsimulator.exe
